wuxiaworld.py:312: TelegramDeprecationWarning: RegexHandler is deprecated. See https://git.io/fxJuV for more info
  pass_user_data=True)
/home/alim/wuxiaworld_updator/env/lib/python3.6/site-packages/telegram/ext/regexhandler.py:121: TelegramDeprecationWarning: message_updates is deprecated. See https://git.io/fxJuV for more info
  edited_updates=edited_updates)
/home/alim/wuxiaworld_updator/env/lib/python3.6/site-packages/telegram/ext/regexhandler.py:121: TelegramDeprecationWarning: channel_post_updates is deprecated. See https://git.io/fxJuV for more info
  edited_updates=edited_updates)
/home/alim/wuxiaworld_updator/env/lib/python3.6/site-packages/telegram/ext/regexhandler.py:121: TelegramDeprecationWarning: edited_updates is deprecated. See https://git.io/fxJuV for more info
  edited_updates=edited_updates)
wuxiaworld.py:315: TelegramDeprecationWarning: RegexHandler is deprecated. See https://git.io/fxJuV for more info
  fallbacks=[RegexHandler('^Done$', done, pass_user_data=True)]
wuxiaworld.py:325: TelegramDeprecationWarning: RegexHandler is deprecated. See https://git.io/fxJuV for more info
  pass_user_data=True)
wuxiaworld.py:328: TelegramDeprecationWarning: RegexHandler is deprecated. See https://git.io/fxJuV for more info
  fallbacks=[RegexHandler('^Done$', unsubscribe_done, pass_user_data=True)]
2019-07-31 17:28:46,547 - root - INFO - Updating again in 60 seconds.
2019-07-31 17:28:54,016 - telegram.ext.updater - INFO - Received signal 2 (SIGINT), stopping...
2019-07-31 17:28:54,522 - telegram.ext.updater - WARNING - Exiting immediately!
wuxiaworld.py:312: TelegramDeprecationWarning: RegexHandler is deprecated. See https://git.io/fxJuV for more info
  pass_user_data=True)
/home/alim/wuxiaworld_updator/env/lib/python3.6/site-packages/telegram/ext/regexhandler.py:121: TelegramDeprecationWarning: message_updates is deprecated. See https://git.io/fxJuV for more info
  edited_updates=edited_updates)
/home/alim/wuxiaworld_updator/env/lib/python3.6/site-packages/telegram/ext/regexhandler.py:121: TelegramDeprecationWarning: channel_post_updates is deprecated. See https://git.io/fxJuV for more info
  edited_updates=edited_updates)
/home/alim/wuxiaworld_updator/env/lib/python3.6/site-packages/telegram/ext/regexhandler.py:121: TelegramDeprecationWarning: edited_updates is deprecated. See https://git.io/fxJuV for more info
  edited_updates=edited_updates)
wuxiaworld.py:315: TelegramDeprecationWarning: RegexHandler is deprecated. See https://git.io/fxJuV for more info
  fallbacks=[RegexHandler('^Done$', done, pass_user_data=True)]
wuxiaworld.py:325: TelegramDeprecationWarning: RegexHandler is deprecated. See https://git.io/fxJuV for more info
  pass_user_data=True)
wuxiaworld.py:328: TelegramDeprecationWarning: RegexHandler is deprecated. See https://git.io/fxJuV for more info
  fallbacks=[RegexHandler('^Done$', unsubscribe_done, pass_user_data=True)]
2019-07-31 17:28:59,091 - root - INFO - Updating again in 60 seconds.
2019-07-31 17:29:36,011 - __main__ - INFO - Chat id "30381543" joined the chat. Adding it into the database.
2019-07-31 17:29:36,013 - __main__ - INFO - User already registered
2019-07-31 17:29:59,701 - root - INFO - Updating again in 60 seconds.
2019-07-31 17:31:00,259 - root - INFO - Updating again in 60 seconds.
wuxiaworld.py:312: TelegramDeprecationWarning: RegexHandler is deprecated. See https://git.io/fxJuV for more info
  pass_user_data=True)
/home/alim/wuxiaworld_updator/env/lib/python3.6/site-packages/telegram/ext/regexhandler.py:121: TelegramDeprecationWarning: message_updates is deprecated. See https://git.io/fxJuV for more info
  edited_updates=edited_updates)
/home/alim/wuxiaworld_updator/env/lib/python3.6/site-packages/telegram/ext/regexhandler.py:121: TelegramDeprecationWarning: channel_post_updates is deprecated. See https://git.io/fxJuV for more info
  edited_updates=edited_updates)
/home/alim/wuxiaworld_updator/env/lib/python3.6/site-packages/telegram/ext/regexhandler.py:121: TelegramDeprecationWarning: edited_updates is deprecated. See https://git.io/fxJuV for more info
  edited_updates=edited_updates)
wuxiaworld.py:315: TelegramDeprecationWarning: RegexHandler is deprecated. See https://git.io/fxJuV for more info
  fallbacks=[RegexHandler('^Done$', done, pass_user_data=True)]
wuxiaworld.py:325: TelegramDeprecationWarning: RegexHandler is deprecated. See https://git.io/fxJuV for more info
  pass_user_data=True)
wuxiaworld.py:328: TelegramDeprecationWarning: RegexHandler is deprecated. See https://git.io/fxJuV for more info
  fallbacks=[RegexHandler('^Done$', unsubscribe_done, pass_user_data=True)]
2019-07-31 17:31:29,227 - root - INFO - Updating again in 60 seconds.
2019-07-31 17:31:29,929 - telegram.ext.updater - ERROR - Error while getting Updates: Conflict: terminated by other getUpdates request; make sure that only one bot instance is running
2019-07-31 17:31:29,930 - __main__ - WARNING - Update "None" caused error "Conflict: terminated by other getUpdates request; make sure that only one bot instance is running"
2019-07-31 17:31:34,190 - telegram.ext.updater - ERROR - Error while getting Updates: Conflict: terminated by other getUpdates request; make sure that only one bot instance is running
2019-07-31 17:31:34,190 - __main__ - WARNING - Update "None" caused error "Conflict: terminated by other getUpdates request; make sure that only one bot instance is running"
2019-07-31 17:31:35,431 - telegram.ext.updater - ERROR - Error while getting Updates: Conflict: terminated by other getUpdates request; make sure that only one bot instance is running
2019-07-31 17:31:35,431 - __main__ - WARNING - Update "None" caused error "Conflict: terminated by other getUpdates request; make sure that only one bot instance is running"
2019-07-31 17:31:40,137 - __main__ - INFO - Chat id "30381543" joined the chat. Adding it into the database.
2019-07-31 17:31:40,139 - __main__ - INFO - User already registered
2019-07-31 17:31:40,191 - telegram.ext.updater - ERROR - Error while getting Updates: Conflict: terminated by other getUpdates request; make sure that only one bot instance is running
2019-07-31 17:31:40,192 - __main__ - WARNING - Update "None" caused error "Conflict: terminated by other getUpdates request; make sure that only one bot instance is running"
2019-07-31 17:31:41,932 - telegram.ext.updater - ERROR - Error while getting Updates: Conflict: terminated by other getUpdates request; make sure that only one bot instance is running
2019-07-31 17:31:41,932 - __main__ - WARNING - Update "None" caused error "Conflict: terminated by other getUpdates request; make sure that only one bot instance is running"
2019-07-31 17:31:43,454 - __main__ - INFO - Listing all novels
2019-07-31 17:31:46,192 - telegram.ext.updater - ERROR - Error while getting Updates: Conflict: terminated by other getUpdates request; make sure that only one bot instance is running
2019-07-31 17:31:46,192 - __main__ - WARNING - Update "None" caused error "Conflict: terminated by other getUpdates request; make sure that only one bot instance is running"
2019-07-31 17:31:47,462 - __main__ - INFO - Profile info requested from: 30381543

2019-07-31 17:31:48,683 - telegram.ext.updater - ERROR - Error while getting Updates: Conflict: terminated by other getUpdates request; make sure that only one bot instance is running
2019-07-31 17:31:48,684 - __main__ - WARNING - Update "None" caused error "Conflict: terminated by other getUpdates request; make sure that only one bot instance is running"
2019-07-31 17:31:52,943 - telegram.ext.updater - ERROR - Error while getting Updates: Conflict: terminated by other getUpdates request; make sure that only one bot instance is running
2019-07-31 17:31:52,943 - __main__ - WARNING - Update "None" caused error "Conflict: terminated by other getUpdates request; make sure that only one bot instance is running"
2019-07-31 17:31:54,014 - __main__ - INFO - Profile info requested from: 30381543

2019-07-31 17:31:56,562 - telegram.ext.updater - ERROR - Error while getting Updates: Conflict: terminated by other getUpdates request; make sure that only one bot instance is running
2019-07-31 17:31:56,562 - __main__ - WARNING - Update "None" caused error "Conflict: terminated by other getUpdates request; make sure that only one bot instance is running"
2019-07-31 17:32:00,821 - telegram.ext.updater - ERROR - Error while getting Updates: Conflict: terminated by other getUpdates request; make sure that only one bot instance is running
2019-07-31 17:32:00,821 - __main__ - WARNING - Update "None" caused error "Conflict: terminated by other getUpdates request; make sure that only one bot instance is running"
2019-07-31 17:32:02,253 - root - INFO - Updating again in 60 seconds.
2019-07-31 17:32:03,123 - __main__ - INFO - Retrieving all updates
telegram token is  920152377:AAEY8s-UoAW_aaMah9C-BDzNKEcLN1vfvyg
The collection exists.
No need to update subscribers for  A Record of a Mortal’s Journey to Immortality
No need to update subscribers for  Against the Gods
No need to update subscribers for  Ancient Strengthening Technique
No need to update subscribers for  Archfiend
No need to update subscribers for  City of Sin
No need to update subscribers for  Demon Hunter
No need to update subscribers for  Dragon Prince Yuan
No need to update subscribers for  Emperor’s Domination
No need to update subscribers for  Gate of Revelation
No need to update subscribers for  Heaven's Devourer
No need to update subscribers for  Imperial God Emperor
No need to update subscribers for  Invincible
No need to update subscribers for  Legend of the Dragon King
No need to update subscribers for  Lord of All Realms
No need to update subscribers for  Martial God Asura
No need to update subscribers for  Monarch of Evernight
No need to update subscribers for  Nine Star Hegemon Body Art
No need to update subscribers for  Perfect World
No need to update subscribers for  Rebirth of the Thief Who Roamed the World
No need to update subscribers for  Renegade Immortal
No need to update subscribers for  Sage Monarch
No need to update subscribers for  Sovereign of the Three Realms
No need to update subscribers for  Spirit Realm
No need to update subscribers for  Spirit Vessel
No need to update subscribers for  Tales of Demons & Gods
No need to update subscribers for  Talisman Emperor
No need to update subscribers for  The Charm of Soul Pets
No need to update subscribers for  The Godsfall Chronicles
No need to update subscribers for  The Grandmaster Strategist
No need to update subscribers for  The Great Ruler
No need to update subscribers for  The Unrivaled Tang Sect
No need to update subscribers for  TranXending Vision
<pymongo.cursor.Cursor object at 0x7fc3540639e8>
No need to update subscribers for  A Record of a Mortal’s Journey to Immortality
No need to update subscribers for  Against the Gods
No need to update subscribers for  Ancient Strengthening Technique
No need to update subscribers for  Archfiend
No need to update subscribers for  City of Sin
No need to update subscribers for  Demon Hunter
No need to update subscribers for  Dragon Prince Yuan
No need to update subscribers for  Emperor’s Domination
No need to update subscribers for  Gate of Revelation
No need to update subscribers for  Heaven's Devourer
No need to update subscribers for  Imperial God Emperor
No need to update subscribers for  Invincible
No need to update subscribers for  Legend of the Dragon King
No need to update subscribers for  Lord of All Realms
No need to update subscribers for  Martial God Asura
No need to update subscribers for  Monarch of Evernight
No need to update subscribers for  Nine Star Hegemon Body Art
No need to update subscribers for  Perfect World
No need to update subscribers for  Rebirth of the Thief Who Roamed the World
No need to update subscribers for  Renegade Immortal
No need to update subscribers for  Sage Monarch
No need to update subscribers for  Sovereign of the Three Realms
No need to update subscribers for  Spirit Realm
No need to update subscribers for  Spirit Vessel
No need to update subscribers for  Tales of Demons & Gods
No need to update subscribers for  Talisman Emperor
No need to update subscribers for  The Charm of Soul Pets
No need to update subscribers for  The Godsfall Chronicles
No need to update subscribers for  The Grandmaster Strategist
No need to update subscribers for  The Great Ruler
No need to update subscribers for  The Unrivaled Tang Sect
No need to update subscribers for  TranXending Vision
No need to update subscribers for  A Record of a Mortal’s Journey to Immortality
No need to update subscribers for  Against the Gods
No need to update subscribers for  Ancient Strengthening Technique
No need to update subscribers for  Archfiend
No need to update subscribers for  City of Sin
No need to update subscribers for  Demon Hunter
No need to update subscribers for  Dragon Prince Yuan
No need to update subscribers for  Emperor’s Domination
No need to update subscribers for  Gate of Revelation
No need to update subscribers for  Heaven's Devourer
No need to update subscribers for  Imperial God Emperor
No need to update subscribers for  Invincible
No need to update subscribers for  Legend of the Dragon King
No need to update subscribers for  Lord of All Realms
No need to update subscribers for  Martial God Asura
No need to update subscribers for  Monarch of Evernight
No need to update subscribers for  Nine Star Hegemon Body Art
No need to update subscribers for  Perfect World
No need to update subscribers for  Rebirth of the Thief Who Roamed the World
No need to update subscribers for  Renegade Immortal
No need to update subscribers for  Sage Monarch
No need to update subscribers for  Sovereign of the Three Realms
No need to update subscribers for  Spirit Realm
No need to update subscribers for  Spirit Vessel
No need to update subscribers for  Tales of Demons & Gods
No need to update subscribers for  Talisman Emperor
No need to update subscribers for  The Charm of Soul Pets
No need to update subscribers for  The Godsfall Chronicles
No need to update subscribers for  The Grandmaster Strategist
No need to update subscribers for  The Great Ruler
No need to update subscribers for  The Unrivaled Tang Sect
No need to update subscribers for  TranXending Vision
<pymongo.cursor.Cursor object at 0x7fc35406b390>
*Available novels: * 
A Record of a Mortal’s Journey to Immortality
Against the Gods
Ancient Strengthening Technique
Archfiend
City of Sin
Demon Hunter
Dragon Prince Yuan
Emperor’s Domination
Gate of Revelation
Heaven's Devourer
Imperial God Emperor
Invincible
Legend of the Dragon King
Lord of All Realms
Martial God Asura
Monarch of Evernight
Nine Star Hegemon Body Art
Perfect World
Rebirth of the Thief Who Roamed the World
Renegade Immortal
Sage Monarch
Sovereign of the Three Realms
Spirit Realm
Spirit Vessel
Tales of Demons & Gods
Talisman Emperor
The Charm of Soul Pets
The Godsfall Chronicles
The Grandmaster Strategist
The Great Ruler
The Unrivaled Tang Sect
TranXending Vision

No need to update subscribers for  A Record of a Mortal’s Journey to Immortality
No need to update subscribers for  Against the Gods
No need to update subscribers for  Ancient Strengthening Technique
No need to update subscribers for  Archfiend
No need to update subscribers for  City of Sin
No need to update subscribers for  Demon Hunter
No need to update subscribers for  Dragon Prince Yuan
No need to update subscribers for  Emperor’s Domination
No need to update subscribers for  Gate of Revelation
No need to update subscribers for  Heaven's Devourer
No need to update subscribers for  Imperial God Emperor
No need to update subscribers for  Invincible
No need to update subscribers for  Legend of the Dragon King
No need to update subscribers for  Lord of All Realms
No need to update subscribers for  Martial God Asura
No need to update subscribers for  Monarch of Evernight
No need to update subscribers for  Nine Star Hegemon Body Art
No need to update subscribers for  Perfect World
No need to update subscribers for  Rebirth of the Thief Who Roamed the World
No need to update subscribers for  Renegade Immortal
No need to update subscribers for  Sage Monarch
No need to update subscribers for  Sovereign of the Three Realms
No need to update subscribers for  Spirit Realm
No need to update subscribers for  Spirit Vessel
No need to update subscribers for  Tales of Demons & Gods
No need to update subscribers for  Talisman Emperor
No need to update subscribers for  The Charm of Soul Pets
No need to update subscribers for  The Godsfall Chronicles
No need to update subscribers for  The Grandmaster Strategist
No need to update subscribers for  The Great Ruler
No need to update subscribers for  The Unrivaled Tang Sect
No need to update subscribers for  TranXending Vision
*Latest Chapters as of 2019-07-31 17:32:00:* 
A Record of a Mortal’s Journey to Immortality
https://www.wuxiaworld.com/novel/rmji/rmji-chapter-1052
Against the Gods
https://www.wuxiaworld.com/novel/against-the-gods/atg-chapter-1456
Ancient Strengthening Technique
https://www.wuxiaworld.com/novel/ancient-strengthening-technique/ast-chapter-2389
Archfiend
https://www.wuxiaworld.com/novel/archfiend/af-chapter-415
City of Sin
https://www.wuxiaworld.com/novel/city-of-sin/cos-chapter-999
Demon Hunter
https://www.wuxiaworld.com/novel/demon-hunter/book-6-chapter-40-10
Dragon Prince Yuan
https://www.wuxiaworld.com/novel/dragon-prince-yuan/yz-chapter-154
Emperor’s Domination
https://www.wuxiaworld.com/novel/emperors-domination/emperor-chapter-2346
Gate of Revelation
https://www.wuxiaworld.com/novel/gate-of-revelation/gor-chapter-753
Heaven's Devourer
https://www.wuxiaworld.com/novel/heavens-devourer/hd-chapter-133
Imperial God Emperor
https://www.wuxiaworld.com/novel/imperial-god-emperor/ige-chapter-1094
Invincible
https://www.wuxiaworld.com/novel/invincible/inv-chapter-1133
Legend of the Dragon King
https://www.wuxiaworld.com/novel/legend-of-the-dragon-king/ldk-chapter-591
Lord of All Realms
https://www.wuxiaworld.com/novel/lord-of-all-realms/loar-chapter-974
Martial God Asura
https://www.wuxiaworld.com/novel/martial-god-asura/mga-chapter-3589
Monarch of Evernight
https://www.wuxiaworld.com/novel/monarch-of-evernight/moe-volume-7-chapter-16
Nine Star Hegemon Body Art
https://www.wuxiaworld.com/novel/nine-star-hegemon/nshba-chapter-654
Perfect World
https://www.wuxiaworld.com/novel/perfect-world/pw-chapter-1407
Rebirth of the Thief Who Roamed the World
https://www.wuxiaworld.com/novel/rebirth-of-the-thief-who-roamed-the-world/rotwrtw-chapter-726
Renegade Immortal
https://www.wuxiaworld.com/novel/renegade-immortal/rge-chapter-1776
Sage Monarch
https://www.wuxiaworld.com/novel/sage-monarch/sm-chapter-281
Sovereign of the Three Realms
https://www.wuxiaworld.com/novel/sovereign-of-the-three-realms/sotr-chapter-1864
Spirit Realm
https://www.wuxiaworld.com/novel/spirit-realm/sr-chapter-1536
Spirit Vessel
https://www.wuxiaworld.com/novel/spirit-vessel/sv-chapter-574
Tales of Demons & Gods
https://www.wuxiaworld.com/novel/tales-of-demons-and-gods/tdg-chapter-479
Talisman Emperor
https://www.wuxiaworld.com/novel/talisman-emperor/te-chapter-1329
The Charm of Soul Pets
https://www.wuxiaworld.com/novel/the-charm-of-soul-pets/tcosp-book-2-chapter-780
The Godsfall Chronicles
https://www.wuxiaworld.com/novel/the-godsfall-chronicles/tgc-book-5-chapter-22
The Grandmaster Strategist
https://www.wuxiaworld.com/novel/the-grandmaster-strategist/tgs-volume-6-chapter-16
The Great Ruler
https://www.wuxiaworld.com/novel/the-great-ruler/tgr-chapter-1264
The Unrivaled Tang Sect
https://www.wuxiaworld.com/novel/the-unrivaled-tang-sect/uts-chapter-531-2
TranXending Vision
https://www.wuxiaworld.com/novel/tranxending-vision/tv-chapter-609
2019-07-31 17:32:06,128 - telegram.ext.updater - ERROR - Error while getting Updates: Conflict: terminated by other getUpdates request; make sure that only one bot instance is running
2019-07-31 17:32:06,128 - __main__ - WARNING - Update "None" caused error "Conflict: terminated by other getUpdates request; make sure that only one bot instance is running"
2019-07-31 17:32:10,387 - telegram.ext.updater - ERROR - Error while getting Updates: Conflict: terminated by other getUpdates request; make sure that only one bot instance is running
2019-07-31 17:32:10,388 - __main__ - WARNING - Update "None" caused error "Conflict: terminated by other getUpdates request; make sure that only one bot instance is running"
2019-07-31 17:32:18,230 - telegram.ext.updater - ERROR - Error while getting Updates: Conflict: terminated by other getUpdates request; make sure that only one bot instance is running
2019-07-31 17:32:18,230 - __main__ - WARNING - Update "None" caused error "Conflict: terminated by other getUpdates request; make sure that only one bot instance is running"
2019-07-31 17:32:22,490 - telegram.ext.updater - ERROR - Error while getting Updates: Conflict: terminated by other getUpdates request; make sure that only one bot instance is running
2019-07-31 17:32:22,490 - __main__ - WARNING - Update "None" caused error "Conflict: terminated by other getUpdates request; make sure that only one bot instance is running"
2019-07-31 17:32:30,022 - root - INFO - Updating again in 60 seconds.
2019-07-31 17:32:34,128 - telegram.ext.updater - ERROR - Error while getting Updates: Conflict: terminated by other getUpdates request; make sure that only one bot instance is running
2019-07-31 17:32:34,129 - __main__ - WARNING - Update "None" caused error "Conflict: terminated by other getUpdates request; make sure that only one bot instance is running"
2019-07-31 17:32:38,388 - telegram.ext.updater - ERROR - Error while getting Updates: Conflict: terminated by other getUpdates request; make sure that only one bot instance is running
2019-07-31 17:32:38,388 - __main__ - WARNING - Update "None" caused error "Conflict: terminated by other getUpdates request; make sure that only one bot instance is running"
2019-07-31 17:32:55,896 - telegram.ext.updater - ERROR - Error while getting Updates: Conflict: terminated by other getUpdates request; make sure that only one bot instance is running
2019-07-31 17:32:55,896 - __main__ - WARNING - Update "None" caused error "Conflict: terminated by other getUpdates request; make sure that only one bot instance is running"
2019-07-31 17:33:02,805 - root - INFO - Updating again in 60 seconds.
2019-07-31 17:33:14,906 - __main__ - INFO - Profile info requested from: 30381543

2019-07-31 17:33:21,765 - telegram.ext.updater - ERROR - Error while getting Updates: Conflict: terminated by other getUpdates request; make sure that only one bot instance is running
2019-07-31 17:33:21,766 - __main__ - WARNING - Update "None" caused error "Conflict: terminated by other getUpdates request; make sure that only one bot instance is running"
2019-07-31 17:33:26,025 - telegram.ext.updater - ERROR - Error while getting Updates: Conflict: terminated by other getUpdates request; make sure that only one bot instance is running
2019-07-31 17:33:26,025 - __main__ - WARNING - Update "None" caused error "Conflict: terminated by other getUpdates request; make sure that only one bot instance is running"
2019-07-31 17:33:30,561 - root - INFO - Updating again in 60 seconds.
2019-07-31 17:34:03,319 - root - INFO - Updating again in 60 seconds.
2019-07-31 17:34:04,735 - telegram.ext.updater - ERROR - Error while getting Updates: Conflict: terminated by other getUpdates request; make sure that only one bot instance is running
2019-07-31 17:34:04,736 - __main__ - WARNING - Update "None" caused error "Conflict: terminated by other getUpdates request; make sure that only one bot instance is running"
2019-07-31 17:34:08,995 - telegram.ext.updater - ERROR - Error while getting Updates: Conflict: terminated by other getUpdates request; make sure that only one bot instance is running
2019-07-31 17:34:08,996 - __main__ - WARNING - Update "None" caused error "Conflict: terminated by other getUpdates request; make sure that only one bot instance is running"
2019-07-31 17:34:31,392 - root - INFO - Updating again in 60 seconds.
2019-07-31 17:34:39,238 - telegram.ext.updater - ERROR - Error while getting Updates: Conflict: terminated by other getUpdates request; make sure that only one bot instance is running
2019-07-31 17:34:39,239 - __main__ - WARNING - Update "None" caused error "Conflict: terminated by other getUpdates request; make sure that only one bot instance is running"
2019-07-31 17:34:43,499 - telegram.ext.updater - ERROR - Error while getting Updates: Conflict: terminated by other getUpdates request; make sure that only one bot instance is running
2019-07-31 17:34:43,500 - __main__ - WARNING - Update "None" caused error "Conflict: terminated by other getUpdates request; make sure that only one bot instance is running"
2019-07-31 17:35:04,141 - root - INFO - Updating again in 60 seconds.
2019-07-31 17:35:13,748 - telegram.ext.updater - ERROR - Error while getting Updates: Conflict: terminated by other getUpdates request; make sure that only one bot instance is running
2019-07-31 17:35:13,749 - __main__ - WARNING - Update "None" caused error "Conflict: terminated by other getUpdates request; make sure that only one bot instance is running"
2019-07-31 17:35:18,008 - telegram.ext.updater - ERROR - Error while getting Updates: Conflict: terminated by other getUpdates request; make sure that only one bot instance is running
2019-07-31 17:35:18,008 - __main__ - WARNING - Update "None" caused error "Conflict: terminated by other getUpdates request; make sure that only one bot instance is running"
telegram token is  920152377:AAEY8s-UoAW_aaMah9C-BDzNKEcLN1vfvyg
The collection exists.
No need to update subscribers for  A Record of a Mortal’s Journey to Immortality
No need to update subscribers for  Against the Gods
No need to update subscribers for  Ancient Strengthening Technique
No need to update subscribers for  Archfiend
No need to update subscribers for  City of Sin
No need to update subscribers for  Demon Hunter
No need to update subscribers for  Dragon Prince Yuan
No need to update subscribers for  Emperor’s Domination
No need to update subscribers for  Gate of Revelation
No need to update subscribers for  Heaven's Devourer
No need to update subscribers for  Imperial God Emperor
No need to update subscribers for  Invincible
No need to update subscribers for  Legend of the Dragon King
No need to update subscribers for  Lord of All Realms
No need to update subscribers for  Martial God Asura
No need to update subscribers for  Monarch of Evernight
No need to update subscribers for  Nine Star Hegemon Body Art
No need to update subscribers for  Perfect World
No need to update subscribers for  Rebirth of the Thief Who Roamed the World
No need to update subscribers for  Renegade Immortal
No need to update subscribers for  Sage Monarch
No need to update subscribers for  Sovereign of the Three Realms
No need to update subscribers for  Spirit Realm
No need to update subscribers for  Spirit Vessel
No need to update subscribers for  Tales of Demons & Gods
No need to update subscribers for  Talisman Emperor
No need to update subscribers for  The Charm of Soul Pets
No need to update subscribers for  The Godsfall Chronicles
No need to update subscribers for  The Grandmaster Strategist
No need to update subscribers for  The Great Ruler
No need to update subscribers for  The Unrivaled Tang Sect
No need to update subscribers for  TranXending Vision
No need to update subscribers for  A Record of a Mortal’s Journey to Immortality
No need to update subscribers for  Against the Gods
No need to update subscribers for  Ancient Strengthening Technique
No need to update subscribers for  Archfiend
No need to update subscribers for  City of Sin
No need to update subscribers for  Demon Hunter
No need to update subscribers for  Dragon Prince Yuan
No need to update subscribers for  Emperor’s Domination
No need to update subscribers for  Gate of Revelation
No need to update subscribers for  Heaven's Devourer
No need to update subscribers for  Imperial God Emperor
No need to update subscribers for  Invincible
No need to update subscribers for  Legend of the Dragon King
No need to update subscribers for  Lord of All Realms
No need to update subscribers for  Martial God Asura
No need to update subscribers for  Monarch of Evernight
No need to update subscribers for  Nine Star Hegemon Body Art
No need to update subscribers for  Perfect World
No need to update subscribers for  Rebirth of the Thief Who Roamed the World
No need to update subscribers for  Renegade Immortal
No need to update subscribers for  Sage Monarch
No need to update subscribers for  Sovereign of the Three Realms
No need to update subscribers for  Spirit Realm
No need to update subscribers for  Spirit Vessel
No need to update subscribers for  Tales of Demons & Gods
No need to update subscribers for  Talisman Emperor
No need to update subscribers for  The Charm of Soul Pets
No need to update subscribers for  The Godsfall Chronicles
No need to update subscribers for  The Grandmaster Strategist
No need to update subscribers for  The Great Ruler
No need to update subscribers for  The Unrivaled Tang Sect
No need to update subscribers for  TranXending Vision
No need to update subscribers for  A Record of a Mortal’s Journey to Immortality
No need to update subscribers for  Against the Gods
No need to update subscribers for  Ancient Strengthening Technique
No need to update subscribers for  Archfiend
No need to update subscribers for  City of Sin
No need to update subscribers for  Demon Hunter
No need to update subscribers for  Dragon Prince Yuan
No need to update subscribers for  Emperor’s Domination
No need to update subscribers for  Gate of Revelation
No need to update subscribers for  Heaven's Devourer
No need to update subscribers for  Imperial God Emperor
No need to update subscribers for  Invincible
No need to update subscribers for  Legend of the Dragon King
No need to update subscribers for  Lord of All Realms
No need to update subscribers for  Martial God Asura
No need to update subscribers for  Monarch of Evernight
No need to update subscribers for  Nine Star Hegemon Body Art
No need to update subscribers for  Perfect World
No need to update subscribers for  Rebirth of the Thief Who Roamed the World
No need to update subscribers for  Renegade Immortal
No need to update subscribers for  Sage Monarch
No need to update subscribers for  Sovereign of the Three Realms
No need to update subscribers for  Spirit Realm
No need to update subscribers for  Spirit Vessel
No need to update subscribers for  Tales of Demons & Gods
No need to update subscribers for  Talisman Emperor
No need to update subscribers for  The Charm of Soul Pets
No need to update subscribers for  The Godsfall Chronicles
No need to update subscribers for  The Grandmaster Strategist
No need to update subscribers for  The Great Ruler
No need to update subscribers for  The Unrivaled Tang Sect
No need to update subscribers for  TranXending Vision
No need to update subscribers for  A Record of a Mortal’s Journey to Immortality
No need to update subscribers for  Against the Gods
No need to update subscribers for  Ancient Strengthening Technique
No need to update subscribers for  Archfiend
No need to update subscribers for  City of Sin
No need to update subscribers for  Demon Hunter
No need to update subscribers for  Dragon Prince Yuan
No need to update subscribers for  Emperor’s Domination
No need to update subscribers for  Gate of Revelation
No need to update subscribers for  Heaven's Devourer
No need to update subscribers for  Imperial God Emperor
No need to update subscribers for  Invincible
No need to update subscribers for  Legend of the Dragon King
No need to update subscribers for  Lord of All Realms
No need to update subscribers for  Martial God Asura
No need to update subscribers for  Monarch of Evernight
No need to update subscribers for  Nine Star Hegemon Body Art
No need to update subscribers for  Perfect World
No need to update subscribers for  Rebirth of the Thief Who Roamed the World
No need to update subscribers for  Renegade Immortal
No need to update subscribers for  Sage Monarch
No need to update subscribers for  Sovereign of the Three Realms
No need to update subscribers for  Spirit Realm
No need to update subscribers for  Spirit Vessel
No need to update subscribers for  Tales of Demons & Gods
No need to update subscribers for  Talisman Emperor
No need to update subscribers for  The Charm of Soul Pets
No need to update subscribers for  The Godsfall Chronicles
No need to update subscribers for  The Grandmaster Strategist
No need to update subscribers for  The Great Ruler
No need to update subscribers for  The Unrivaled Tang Sect
No need to update subscribers for  TranXending Vision
No need to update subscribers for  A Record of a Mortal’s Journey to Immortality
No need to update subscribers for  Against the Gods
No need to update subscribers for  Ancient Strengthening Technique
No need to update subscribers for  Archfiend
No need to update subscribers for  City of Sin
No need to update subscribers for  Demon Hunter
No need to update subscribers for  Dragon Prince Yuan
No need to update subscribers for  Emperor’s Domination
No need to update subscribers for  Gate of Revelation
No need to update subscribers for  Heaven's Devourer
No need to update subscribers for  Imperial God Emperor
No need to update subscribers for  Invincible
No need to update subscribers for  Legend of the Dragon King
No need to update subscribers for  Lord of All Realms
No need to update subscribers for  Martial God Asura
No need to update subscribers for  Monarch of Evernight
No need to update subscribers for  Nine Star Hegemon Body Art2019-07-31 17:35:31,923 - root - INFO - Updating again in 60 seconds.
2019-07-31 17:35:48,254 - telegram.ext.updater - ERROR - Error while getting Updates: Conflict: terminated by other getUpdates request; make sure that only one bot instance is running
2019-07-31 17:35:48,255 - __main__ - WARNING - Update "None" caused error "Conflict: terminated by other getUpdates request; make sure that only one bot instance is running"
2019-07-31 17:35:52,515 - telegram.ext.updater - ERROR - Error while getting Updates: Conflict: terminated by other getUpdates request; make sure that only one bot instance is running
2019-07-31 17:35:52,515 - __main__ - WARNING - Update "None" caused error "Conflict: terminated by other getUpdates request; make sure that only one bot instance is running"
